[2021-12-09 00:06:57] Veta_Recibo: person para GREENWICH person->module_name = Leads person->id = 40671207-8fa8-e733-1a2c-5ffed58cfaf2

[2021-12-09 00:06:57] Veta_Recibo: person para GREENWICH person->module_name = Leads person->id = 40671207-8fa8-e733-1a2c-5ffed58cfaf2

[2021-12-09 00:06:57] Veta_Recibo: person para GREENWICH person->module_name = Leads person->id = 40671207-8fa8-e733-1a2c-5ffed58cfaf2

[2021-12-09 00:06:57] Veta_Recibo: person para GREENWICH person->module_name = Leads person->id = 40671207-8fa8-e733-1a2c-5ffed58cfaf2

[2021-12-09 00:06:57] Veta_Recibo: person para LEAD COLLEGE person->module_name = Leads person->id = 40671207-8fa8-e733-1a2c-5ffed58cfaf2

[2021-12-09 00:07:26] Veta Aplicacion::actualizar_contacto linea 200 : UPDATE veta_aplicacion SET contact_id_c = 'd1a0bfcb-fc36-b784-8100-61b18fd2d407' WHERE id = '99b6dba0-cd1e-8ae1-544c-61b18e006b23'

[2021-12-09 00:07:26] Veta Aplicacion::actualizar_contacto linea 200 : UPDATE veta_aplicacion SET contact_id_c = 'd1a0bfcb-fc36-b784-8100-61b18fd2d407' WHERE id = '9f9215b3-4488-1cf2-0693-61b18e4f85c5'

[2021-12-09 00:07:26] Veta Aplicacion::actualizar_contacto linea 200 : UPDATE veta_aplicacion SET contact_id_c = 'd1a0bfcb-fc36-b784-8100-61b18fd2d407' WHERE id = 'a52fcf16-6c8f-23be-06cf-61b18e5e4550'

[2021-12-09 00:07:26] Veta Aplicacion::actualizar_contacto linea 200 : UPDATE veta_aplicacion SET contact_id_c = 'd1a0bfcb-fc36-b784-8100-61b18fd2d407' WHERE id = 'aaf498d0-c1bb-5d81-b0ca-61b18eda7761'

[2021-12-09 00:07:26] Veta Aplicacion::actualizar_contacto linea 200 : UPDATE veta_aplicacion SET contact_id_c = 'd1a0bfcb-fc36-b784-8100-61b18fd2d407' WHERE id = 'b0e0328a-17e0-230e-1db6-61b18ee4e600'

[2021-12-09 00:18:46] Veta Aplicacion::save linea 188 UPDATE veta_aplicacion SET contact_id_c = 'c7b50657-ca36-84e8-810b-60b49cc6ea9f' , lead_id_c = '132916da-0983-d82c-e6a7-5f7a8492ebb7' WHERE id = 'e17fe843-525e-5a23-c881-6195d25dbb5d'

[2021-12-09 09:48:47] Veta Aplicacion::save linea 188 UPDATE veta_aplicacion SET contact_id_c = '644e1519-1802-e3d1-16d4-619e6dc395a7' , lead_id_c = '7dad0f00-c489-f385-371a-617304f6dcbc' WHERE id = '522f3382-9c0e-4b77-0724-61afbd09de09'

[2021-12-09 09:51:36] Veta Aplicacion::save linea 188 UPDATE veta_aplicacion SET contact_id_c = '644e1519-1802-e3d1-16d4-619e6dc395a7' , lead_id_c = '7dad0f00-c489-f385-371a-617304f6dcbc' WHERE id = '522f3382-9c0e-4b77-0724-61afbd09de09'

[2021-12-09 10:00:20] Veta Aplicacion::save linea 188 UPDATE veta_aplicacion SET contact_id_c = 'a55a3b08-5d68-9c15-18cb-60189bb2616a' , lead_id_c = '3fab4d32-f9b2-30ca-e134-5efde6dd4dd0' WHERE id = '98e6cbbb-0879-3359-f2a5-61a6f2882f29'

[2021-12-09 10:36:06] Veta Aplicacion::save linea 188 UPDATE veta_aplicacion SET contact_id_c = '7923e839-b409-d561-7cc0-61ae45a05a1d' , lead_id_c = 'c147beea-05f3-8172-efd2-609c05657aa1' WHERE id = '76520053-01ac-e675-a898-61ae46cd88b3'

[2021-12-09 12:10:03] Veta Aplicacion::save linea 188 UPDATE veta_aplicacion SET contact_id_c = '63039323-658c-077c-6131-61af911efc93' , lead_id_c = '6d5cb8e0-8dba-b811-0e92-61a4dbc45a73' WHERE id = '2c472d7a-f0b5-62ad-b845-61af9160daf1'

[2021-12-09 12:53:21] Veta Aplicacion::save linea 188 UPDATE veta_aplicacion SET contact_id_c = 'a3208256-6150-1a7d-ee4b-61ae812acdb9' , lead_id_c = '5ed202c2-fb82-f860-2325-5ee9a1421444' WHERE id = '364fb5c6-1396-7ee9-af30-61ae8198be0e'

[2021-12-09 12:55:51] Veta Aplicacion::save linea 188 UPDATE veta_aplicacion SET contact_id_c = 'a347c40b-d444-19d4-c0e3-61ae8ff25c3e' , lead_id_c = 'b50e0454-d556-cf9d-cd84-5ee982e6c1aa' WHERE id = 'f8a203e8-3d58-07e1-0b8f-61ae8fc1e4ee'

[2021-12-09 13:00:39] Veta Aplicacion::save linea 188 UPDATE veta_aplicacion SET contact_id_c = 'e58bb1d5-9db0-2b7e-574c-61ae657e4d2b' , lead_id_c = 'c29ab0cb-3582-4fb0-cc9e-6197be3b5e33' WHERE id = '66b14694-ab3f-3685-dbbc-61ae654e8e45'

[2021-12-09 13:24:55] Veta Aplicacion::save linea 188 UPDATE veta_aplicacion SET contact_id_c = 'e6e09828-6fd2-37be-f518-5fbbfa07a9bc' , lead_id_c = 'c933fd80-5ea0-9716-5968-5e66a2fe0fc9' WHERE id = '6e937459-1cfb-091c-e5bd-61a9604db694'

[2021-12-09 13:37:18] Veta_Recibo: person para NAVITAS person->module_name = Contacts person->id = 7574058a-3ce3-3042-a709-61b24c84155e

[2021-12-09 13:56:35] Veta Aplicacion::actualizar_contacto linea 200 : UPDATE veta_aplicacion SET contact_id_c = 'a1210197-10ed-ad4d-35cc-61b251c3ad22' WHERE id = '39da57eb-9a3c-943a-f5db-6197bebd4750'

[2021-12-09 14:03:31] Veta Aplicacion::save linea 188 UPDATE veta_aplicacion SET contact_id_c = 'bed3c0ed-1e92-84ff-212b-61772e5bc3f5' , lead_id_c = '6facc271-9cc3-21fd-5f0e-6157c7bb204d' WHERE id = '6fedd3a6-b06b-884a-f193-61772e524f8f'

[2021-12-09 14:53:38] Veta Aplicacion::save linea 188 UPDATE veta_aplicacion SET contact_id_c = 'c7b50657-ca36-84e8-810b-60b49cc6ea9f' , lead_id_c = '132916da-0983-d82c-e6a7-5f7a8492ebb7' WHERE id = 'e17fe843-525e-5a23-c881-6195d25dbb5d'

[2021-12-09 15:46:12] Veta Aplicacion::save linea 188 UPDATE veta_aplicacion SET contact_id_c = '6f6aa996-c8dd-3051-3c31-619d8d1a000f' , lead_id_c = '9a1a3a82-1972-9de5-0ab3-615665154359' WHERE id = '62056a64-388f-2233-a85e-61b007d38bbc'

[2021-12-09 15:48:40] Veta Aplicacion::save linea 188 UPDATE veta_aplicacion SET contact_id_c = 'e1c745cf-453f-2b28-35bb-5f27af72bdde' , lead_id_c = '641dba17-7a30-1e24-241b-5f1828425daf' WHERE id = '136d055c-cd2a-375e-8cbf-618210917ef1'

[2021-12-09 16:08:16] Veta Aplicacion::save linea 188 UPDATE veta_aplicacion SET contact_id_c = '92093ea1-d7f9-18f3-0902-61aec0e21007' , lead_id_c = '7b291370-aec4-bca2-75db-618dc07b6b39' WHERE id = '2b289923-19e2-20bb-979b-61b01f282048'

[2021-12-09 16:58:35] Veta Aplicacion::save linea 188 UPDATE veta_aplicacion SET contact_id_c = '920a2b57-a1ea-c1db-dd6a-618a19168f7b' , lead_id_c = '15598ded-00e7-5730-b967-5ddf0dc05130' WHERE id = '845ba835-b074-0a80-e668-61b15ecf866a'

[2021-12-09 17:06:24] Veta Aplicacion::actualizar_contacto linea 200 : UPDATE veta_aplicacion SET contact_id_c = '70be14c7-e9a6-9737-5e0a-61b27df74651' WHERE id = '6a75dbb3-7c40-401f-d1bf-61b165ebb958'

[2021-12-09 17:08:58] Veta Aplicacion::save linea 188 UPDATE veta_aplicacion SET contact_id_c = '70be14c7-e9a6-9737-5e0a-61b27df74651' , lead_id_c = '696b52f9-0814-a415-1480-6076c025ab90' WHERE id = '6a75dbb3-7c40-401f-d1bf-61b165ebb958'

[2021-12-09 17:58:33] Veta Aplicacion::save linea 188 UPDATE veta_aplicacion SET contact_id_c = '70be14c7-e9a6-9737-5e0a-61b27df74651' , lead_id_c = '696b52f9-0814-a415-1480-6076c025ab90' WHERE id = '6a75dbb3-7c40-401f-d1bf-61b165ebb958'

[2021-12-09 17:58:55] Veta Aplicacion::save linea 188 UPDATE veta_aplicacion SET contact_id_c = 'e1c745cf-453f-2b28-35bb-5f27af72bdde' , lead_id_c = '641dba17-7a30-1e24-241b-5f1828425daf' WHERE id = '136d055c-cd2a-375e-8cbf-618210917ef1'

[2021-12-09 18:11:41] Veta Aplicacion::save linea 188 UPDATE veta_aplicacion SET contact_id_c = 'e1c745cf-453f-2b28-35bb-5f27af72bdde' , lead_id_c = '641dba17-7a30-1e24-241b-5f1828425daf' WHERE id = '136d055c-cd2a-375e-8cbf-618210917ef1'

[2021-12-09 18:11:58] Veta Aplicacion::save linea 188 UPDATE veta_aplicacion SET contact_id_c = '644e1519-1802-e3d1-16d4-619e6dc395a7' , lead_id_c = '7dad0f00-c489-f385-371a-617304f6dcbc' WHERE id = '522f3382-9c0e-4b77-0724-61afbd09de09'

[2021-12-09 18:29:02] Veta Aplicacion::save linea 188 UPDATE veta_aplicacion SET contact_id_c = '63039323-658c-077c-6131-61af911efc93' , lead_id_c = '6d5cb8e0-8dba-b811-0e92-61a4dbc45a73' WHERE id = '2c472d7a-f0b5-62ad-b845-61af9160daf1'

[2021-12-09 18:29:03] Veta Aplicacion::save linea 188 UPDATE veta_aplicacion SET contact_id_c = '63039323-658c-077c-6131-61af911efc93' , lead_id_c = '6d5cb8e0-8dba-b811-0e92-61a4dbc45a73' WHERE id = '2c472d7a-f0b5-62ad-b845-61af9160daf1'

[2021-12-09 19:01:03] Veta Aplicacion::save linea 188 UPDATE veta_aplicacion SET contact_id_c = '5541a187-5418-9456-0c82-61a569811a21' , lead_id_c = 'bc4b5984-69e0-5b27-35ad-5ff7c697d961' WHERE id = 'eab76f33-48d5-fccb-d1be-61a6cdb432e1'

[2021-12-09 19:02:05] Veta Aplicacion::save linea 188 UPDATE veta_aplicacion SET contact_id_c = '5541a187-5418-9456-0c82-61a569811a21' , lead_id_c = 'bc4b5984-69e0-5b27-35ad-5ff7c697d961' WHERE id = 'b95ac099-ce47-af4b-2fcb-61a568dbcbeb'

[2021-12-09 19:11:10] Veta Aplicacion::save linea 188 UPDATE veta_aplicacion SET contact_id_c = 'a347c40b-d444-19d4-c0e3-61ae8ff25c3e' , lead_id_c = 'b50e0454-d556-cf9d-cd84-5ee982e6c1aa' WHERE id = 'f8a203e8-3d58-07e1-0b8f-61ae8fc1e4ee'

[2021-12-09 19:20:40] Veta Aplicacion::save linea 188 UPDATE veta_aplicacion SET contact_id_c = 'a3208256-6150-1a7d-ee4b-61ae812acdb9' , lead_id_c = '5ed202c2-fb82-f860-2325-5ee9a1421444' WHERE id = '364fb5c6-1396-7ee9-af30-61ae8198be0e'

[2021-12-09 19:45:19] Veta Aplicacion::save linea 188 UPDATE veta_aplicacion SET contact_id_c = 'e58bb1d5-9db0-2b7e-574c-61ae657e4d2b' , lead_id_c = 'c29ab0cb-3582-4fb0-cc9e-6197be3b5e33' WHERE id = '66b14694-ab3f-3685-dbbc-61ae654e8e45'

