[2021-11-29 03:22:25] Veta_Recibo: person para STOTTS  person->module_name = Contacts person->id = c7b50657-ca36-84e8-810b-60b49cc6ea9f

[2021-11-29 03:22:25] Veta_Recibo: person para STOTTS  person->module_name = Contacts person->id = c7b50657-ca36-84e8-810b-60b49cc6ea9f

[2021-11-29 04:22:57] Veta Aplicacion::save linea 188 UPDATE veta_aplicacion SET contact_id_c = 'c7b50657-ca36-84e8-810b-60b49cc6ea9f' , lead_id_c = '' WHERE id = 'eeb9938d-c601-ebd4-f0f3-61a48d6fce1a'

[2021-11-29 04:24:08] Veta Aplicacion::save linea 188 UPDATE veta_aplicacion SET contact_id_c = 'c7b50657-ca36-84e8-810b-60b49cc6ea9f' , lead_id_c = '' WHERE id = 'e80ee210-b509-2170-50ca-61a48d4e0012'

[2021-11-29 10:07:57] Veta Aplicacion::save linea 188 UPDATE veta_aplicacion SET contact_id_c = '644e1519-1802-e3d1-16d4-619e6dc395a7' , lead_id_c = '7dad0f00-c489-f385-371a-617304f6dcbc' WHERE id = '1f3f4a9f-a270-5476-80d5-619d4e33b9d6'

[2021-11-29 10:09:58] Veta Aplicacion::save linea 188 UPDATE veta_aplicacion SET contact_id_c = '644e1519-1802-e3d1-16d4-619e6dc395a7' , lead_id_c = '7dad0f00-c489-f385-371a-617304f6dcbc' WHERE id = '1f3f4a9f-a270-5476-80d5-619d4e33b9d6'

[2021-11-29 11:14:18] Veta Aplicacion::save linea 188 UPDATE veta_aplicacion SET contact_id_c = '3b6b09a2-affe-e28d-aeb2-5f524cdedc93' , lead_id_c = '1b911fd3-9d5a-8dc7-6373-5f5244935f01' WHERE id = '70e09a8d-f23d-0350-f41f-5f5248f7a2ed'

[2021-11-29 11:56:01] Veta Aplicacion::save linea 188 UPDATE veta_aplicacion SET contact_id_c = 'c7b50657-ca36-84e8-810b-60b49cc6ea9f' , lead_id_c = '' WHERE id = 'eeb9938d-c601-ebd4-f0f3-61a48d6fce1a'

[2021-11-29 11:56:45] Veta Aplicacion::save linea 188 UPDATE veta_aplicacion SET contact_id_c = 'c7b50657-ca36-84e8-810b-60b49cc6ea9f' , lead_id_c = '' WHERE id = 'e80ee210-b509-2170-50ca-61a48d4e0012'

[2021-11-29 12:06:04] Veta Aplicacion::save linea 188 UPDATE veta_aplicacion SET contact_id_c = '644e1519-1802-e3d1-16d4-619e6dc395a7' , lead_id_c = '7dad0f00-c489-f385-371a-617304f6dcbc' WHERE id = '1f3f4a9f-a270-5476-80d5-619d4e33b9d6'

[2021-11-29 12:22:59] Veta Aplicacion::save linea 188 UPDATE veta_aplicacion SET contact_id_c = '644e1519-1802-e3d1-16d4-619e6dc395a7' , lead_id_c = '7dad0f00-c489-f385-371a-617304f6dcbc' WHERE id = '1f3f4a9f-a270-5476-80d5-619d4e33b9d6'

[2021-11-29 15:01:53] Veta Aplicacion::save linea 188 UPDATE veta_aplicacion SET contact_id_c = '7c895e6c-bb35-12c5-f8d1-5fc19c6d6802' , lead_id_c = 'e688a711-4fb9-360f-05aa-5fc19a580e91' WHERE id = '57e2529c-6445-f9d8-7f92-5fc19ccc92fe'

[2021-11-29 15:32:23] Veta Aplicacion::save linea 188 UPDATE veta_aplicacion SET contact_id_c = 'e3b1fda9-8054-b485-a777-5fbb001f413b' , lead_id_c = '5dadea37-e9ca-c470-93ad-5e715233a021' WHERE id = '7a52a32b-2889-2138-4b18-5fbb004d7f93'

[2021-11-29 15:33:06] Veta Aplicacion::save linea 188 UPDATE veta_aplicacion SET contact_id_c = 'e3b1fda9-8054-b485-a777-5fbb001f413b' , lead_id_c = '5dadea37-e9ca-c470-93ad-5e715233a021' WHERE id = '7a52a32b-2889-2138-4b18-5fbb004d7f93'

[2021-11-29 16:20:53] Veta Aplicacion::save linea 188 UPDATE veta_aplicacion SET contact_id_c = '3e66ce63-0f0b-06f6-d87e-5f47e6f93dee' , lead_id_c = '839983e3-ddc6-c58b-82d1-5e32fe07db19' WHERE id = '830727e4-bd8b-478e-7c24-5f47e6b2ba7b'

[2021-11-29 16:42:20] Veta Aplicacion::save linea 188 UPDATE veta_aplicacion SET contact_id_c = 'd6c8cef7-783f-a12d-caa9-5fbddde3affa' , lead_id_c = '7d2ae51a-1c49-1f1e-8c48-5fbdd94515c0' WHERE id = '980c1bb6-6da0-7e5b-b221-5fbdddb8c086'

[2021-11-29 16:47:14] Veta Aplicacion::save linea 188 UPDATE veta_aplicacion SET contact_id_c = 'd6c8cef7-783f-a12d-caa9-5fbddde3affa' , lead_id_c = '7d2ae51a-1c49-1f1e-8c48-5fbdd94515c0' WHERE id = '980c1bb6-6da0-7e5b-b221-5fbdddb8c086'

[2021-11-29 17:13:18] Veta_Recibo: person para MERCURY COLLEGE person->module_name = Contacts person->id = 92317aae-2658-7d90-7d5f-5ee1c52b14b2

[2021-11-29 17:23:56] Veta Aplicacion::save linea 188 UPDATE veta_aplicacion SET contact_id_c = '8c7f0cb2-98b4-34c2-2e1a-5fbde2ab7eb9' , lead_id_c = 'b98193dd-261f-56d2-9798-5fbde29b8050' WHERE id = '3accf221-0479-5248-2b28-5fbde23c09b2'

[2021-11-29 17:49:23] Veta_Recibo: person para ANIBT person->module_name = Contacts person->id = 5cbb84d2-1bbc-71cc-c6f3-5f87c8312c4d

[2021-11-29 17:49:23] Veta_Recibo: person para ANIBT person->module_name = Contacts person->id = 5cbb84d2-1bbc-71cc-c6f3-5f87c8312c4d

[2021-11-29 17:53:16] Veta Aplicacion::actualizar_contacto linea 200 : UPDATE veta_aplicacion SET contact_id_c = 'c3ffde02-a9e2-63d5-c2ea-61a559d2b248' WHERE id = '1592d15e-e5e3-9baf-dd8c-61a40e0aa7dc'

[2021-11-29 17:59:41] Veta Aplicacion::save linea 188 UPDATE veta_aplicacion SET contact_id_c = 'e430c6a7-d4c1-e968-0143-6171c87234a9' , lead_id_c = '23a961d6-5360-dc17-a9be-5e6e291aa246' WHERE id = '9b5ec9a0-d091-7fcc-9ecd-6171c84cbd8a'

[2021-11-29 18:07:55] Veta Aplicacion::save linea 188 UPDATE veta_aplicacion SET contact_id_c = '609d36a9-7a60-5d1e-7397-5fbc677685d6' , lead_id_c = 'a06c9a8c-eebe-8482-e41e-5e262c6bcf63' WHERE id = '28d65ae8-e1ae-4af1-faf6-5fbc67256802'

[2021-11-29 18:15:15] Veta Aplicacion::save linea 188 UPDATE veta_aplicacion SET contact_id_c = 'c7b50657-ca36-84e8-810b-60b49cc6ea9f' , lead_id_c = '' WHERE id = 'eeb9938d-c601-ebd4-f0f3-61a48d6fce1a'

[2021-11-29 18:16:21] Veta Aplicacion::save linea 188 UPDATE veta_aplicacion SET contact_id_c = '157fd2b0-4e26-5fb0-e9d1-5e5d96ae7936' , lead_id_c = '2d91cb30-32c7-0f98-be52-5e5d955a001a' WHERE id = 'e0310fce-adbd-e9ce-2f94-5e5fd32becc2'

[2021-11-29 18:19:04] Veta Aplicacion::save linea 188 UPDATE veta_aplicacion SET contact_id_c = '7765419d-df0e-b3c8-7a35-5f71f8dfbdda' , lead_id_c = '35233972-1fc0-7aa5-0287-5f695b88c098' WHERE id = 'ba8ac511-3518-2fa2-8e64-5f71f703d7d1'

[2021-11-29 18:20:46] Veta Aplicacion::save linea 188 UPDATE veta_aplicacion SET contact_id_c = 'c7b50657-ca36-84e8-810b-60b49cc6ea9f' , lead_id_c = '' WHERE id = 'e80ee210-b509-2170-50ca-61a48d4e0012'

[2021-11-29 18:28:55] Veta Aplicacion::save linea 188 UPDATE veta_aplicacion SET contact_id_c = '35281b96-c050-2db3-a986-5fbb0a3cac10' , lead_id_c = '5e490cc0-2e88-c880-cdcf-5fbb0820efd9' WHERE id = '13eed0a9-6995-2b79-e010-5fbb0a637b74'

[2021-11-29 18:38:28] Veta Aplicacion::save linea 188 UPDATE veta_aplicacion SET contact_id_c = 'df36a0a9-b66d-76f7-d6bc-619ef86e8eab' , lead_id_c = 'b65f4fca-2ab5-be36-4d63-619beaa646eb' WHERE id = '63633e6d-16e7-9216-339c-619ef9dd138d'

[2021-11-29 18:42:09] Veta Aplicacion::save linea 188 UPDATE veta_aplicacion SET contact_id_c = 'c3ffde02-a9e2-63d5-c2ea-61a559d2b248' , lead_id_c = '21787bb6-b3bc-6ab3-a6a0-619bebdeb1c6' WHERE id = '1592d15e-e5e3-9baf-dd8c-61a40e0aa7dc'

[2021-11-29 18:45:04] Veta Aplicacion::save linea 188 UPDATE veta_aplicacion SET contact_id_c = '12fa2237-4c53-f98d-fe33-5fb82c2d9aa3' , lead_id_c = '72690a1c-e21c-9d98-7cdf-5fb005b7ba55' WHERE id = '1aa47d57-1d8c-ee1d-5e52-5fb82cbcf7ae'

[2021-11-29 18:50:56] Veta Aplicacion::save linea 188 UPDATE veta_aplicacion SET contact_id_c = '12fa2237-4c53-f98d-fe33-5fb82c2d9aa3' , lead_id_c = '72690a1c-e21c-9d98-7cdf-5fb005b7ba55' WHERE id = 'b760cd4b-5735-ae3f-7f56-614bb5350507'

[2021-11-29 18:53:33] Veta Aplicacion::save linea 188 UPDATE veta_aplicacion SET contact_id_c = '12fa2237-4c53-f98d-fe33-5fb82c2d9aa3' , lead_id_c = '72690a1c-e21c-9d98-7cdf-5fb005b7ba55' WHERE id = 'b760cd4b-5735-ae3f-7f56-614bb5350507'

[2021-11-29 18:56:25] Veta_Recibo: person para STOTTS person->module_name = Leads person->id = bc4b5984-69e0-5b27-35ad-5ff7c697d961

[2021-11-29 19:00:25] Veta Aplicacion::actualizar_contacto linea 200 : UPDATE veta_aplicacion SET contact_id_c = '5541a187-5418-9456-0c82-61a569811a21' WHERE id = 'b95ac099-ce47-af4b-2fcb-61a568dbcbeb'

[2021-11-29 19:15:42] Veta Aplicacion::save linea 188 UPDATE veta_aplicacion SET contact_id_c = '6775859b-f3ea-6b42-1e40-5fb4051f8a66' , lead_id_c = '4ec42676-a4bf-9aba-3cf7-5d3dda8e085f' WHERE id = '77f6a34e-603a-a86c-df28-5fb40526b92b'

[2021-11-29 19:21:06] Veta Aplicacion::save linea 188 UPDATE veta_aplicacion SET contact_id_c = '' , lead_id_c = '74966f21-b5f5-48ce-83e1-5e208e7e4ed5' WHERE id = 'db7ff926-cc88-5655-a712-60108ec9af01'

[2021-11-29 21:22:29] Veta_Recibo: person para GREENWICH person->module_name = Leads person->id = c8d72358-ab1b-6c31-f323-61a588102ff1

[2021-11-29 21:28:32] Veta Aplicacion::actualizar_contacto linea 200 : UPDATE veta_aplicacion SET contact_id_c = 'd226810f-bec1-7e9f-c89d-61a58cf68742' WHERE id = 'e919bf21-d4ad-65a4-f5e0-61a58a7e64a3'

[2021-11-29 22:32:23] Veta_Recibo: person para IMAGINE person->module_name = Leads person->id = b2b4a149-3460-12b5-9651-5fbd07a9a988

[2021-11-29 22:49:38] Veta Aplicacion::save linea 188 UPDATE veta_aplicacion SET contact_id_c = '' , lead_id_c = 'b2b4a149-3460-12b5-9651-5fbd07a9a988' WHERE id = 'ee850c81-2ef0-bc12-5a90-61a59b9317d5'

[2021-11-29 22:54:30] Veta Aplicacion::save linea 188 UPDATE veta_aplicacion SET contact_id_c = '' , lead_id_c = 'b2b4a149-3460-12b5-9651-5fbd07a9a988' WHERE id = 'ee850c81-2ef0-bc12-5a90-61a59b9317d5'

[2021-11-29 23:02:59] Veta_Recibo: person para GREENWICH person->module_name = Leads person->id = 1d48ec34-6d24-f735-16ab-61a5a0aa4b99

[2021-11-29 23:04:00] Veta Aplicacion::actualizar_contacto linea 200 : UPDATE veta_aplicacion SET contact_id_c = '10e76e27-e080-98b0-02a2-61a5a2a76529' WHERE id = '552bdb0b-de3a-72d1-9e14-61a5a2b39f9b'

